SF:lib\features\auth\domain\entity\user_entity.dart
DA:16,1
DA:30,1
DA:41,0
DA:42,0
LF:4
LH:2
end_of_record
SF:lib\features\auth\domain\use_case\create_user_usecase.dart
DA:22,0
DA:36,1
DA:47,0
DA:48,0
DA:49,0
DA:50,0
DA:51,0
DA:52,0
DA:53,0
DA:54,0
DA:55,0
DA:56,0
DA:59,0
DA:60,0
DA:61,0
DA:62,0
DA:63,0
DA:64,0
DA:65,0
DA:66,0
DA:67,0
DA:68,0
DA:76,1
DA:78,1
DA:81,1
DA:84,1
DA:85,1
DA:86,1
DA:87,1
DA:88,1
DA:89,1
DA:90,1
DA:91,1
DA:96,2
LF:34
LH:13
end_of_record
SF:lib\core\error\failure.dart
DA:5,3
DA:10,0
DA:11,0
DA:15,0
DA:23,3
DA:30,0
LF:6
LH:2
end_of_record
SF:lib\app\shared_prefs\token_shared_prefs.dart
DA:9,0
DA:11,0
DA:13,0
DA:14,0
DA:16,0
DA:20,0
DA:22,0
DA:23,0
DA:25,0
DA:29,0
DA:31,0
DA:32,0
DA:35,0
LF:13
LH:0
end_of_record
SF:lib\features\workshop_category\domain\entity\category_entity.dart
DA:9,5
DA:17,1
DA:23,2
DA:24,2
DA:25,2
DA:26,2
DA:27,2
DA:28,2
LF:8
LH:8
end_of_record
SF:lib\features\workshop_category\domain\use_case\update_category_usecase.dart
DA:16,1
DA:23,0
DA:24,0
DA:25,0
DA:26,0
DA:27,0
DA:30,0
DA:31,0
DA:32,0
DA:33,0
DA:34,0
DA:44,1
DA:47,1
DA:49,1
DA:51,1
DA:52,1
DA:53,1
DA:57,2
DA:58,2
DA:59,1
DA:60,1
DA:61,2
LF:22
LH:12
end_of_record
SF:lib\features\auth\domain\use_case\login_user_usecase.dart
DA:13,1
DA:18,0
DA:19,0
DA:20,0
DA:21,0
DA:29,1
DA:32,1
DA:35,6
DA:36,1
DA:37,0
DA:38,1
DA:39,2
DA:44,1
LF:13
LH:8
end_of_record
SF:lib\features\workshop_category\domain\use_case\create_category_usecase.dart
DA:14,0
DA:21,1
DA:26,0
DA:27,0
DA:28,0
DA:29,0
DA:30,0
DA:38,1
DA:40,1
DA:42,2
DA:43,1
DA:44,1
DA:45,1
DA:46,1
LF:14
LH:8
end_of_record
SF:lib\features\workshop_category\domain\use_case\delete_category_usecase.dart
DA:12,1
DA:15,0
DA:18,0
DA:19,0
DA:27,1
DA:30,1
DA:33,2
DA:34,1
DA:35,0
DA:36,1
DA:37,3
LF:11
LH:7
end_of_record
SF:lib\features\workshop_category\domain\use_case\get_all_categories_usecase.dart
DA:12,1
DA:14,1
DA:16,2
LF:3
LH:3
end_of_record
SF:lib\features\workshop_category\domain\use_case\get_category_by_id_usecase.dart
DA:12,1
DA:14,0
DA:15,0
DA:22,1
DA:24,1
DA:27,3
LF:6
LH:4
end_of_record
SF:lib\features\workshop_category\presentation\view_model\category_bloc.dart
DA:19,1
DA:28,2
DA:29,2
DA:30,2
DA:31,2
DA:32,2
DA:39,1
DA:41,3
DA:42,2
DA:43,1
DA:44,1
DA:45,4
DA:46,4
DA:54,0
DA:56,0
DA:57,0
DA:58,0
DA:59,0
DA:60,0
DA:61,0
DA:63,0
DA:64,0
DA:65,0
DA:66,0
DA:70,0
DA:72,0
DA:73,0
DA:74,0
DA:76,0
DA:77,0
DA:78,0
DA:79,0
DA:83,0
DA:85,0
DA:86,0
DA:87,0
DA:88,0
DA:90,0
DA:91,0
DA:92,0
DA:93,0
LF:41
LH:13
end_of_record
SF:lib\features\workshop_category\presentation\view_model\category_event.dart
DA:4,1
DA:6,0
DA:7,0
DA:19,0
DA:22,0
DA:23,0
DA:29,0
DA:31,0
DA:32,0
DA:41,0
DA:48,0
DA:49,0
LF:12
LH:1
end_of_record
SF:lib\features\workshop_category\presentation\view_model\category_state.dart
DA:13,2
DA:22,1
DA:32,1
DA:40,1
DA:41,1
DA:42,0
DA:43,1
DA:44,1
DA:45,1
DA:46,1
DA:50,1
DA:51,1
DA:52,1
DA:53,1
DA:54,1
DA:55,1
DA:56,1
DA:57,1
LF:18
LH:17
end_of_record
